<?xml version="1.0" encoding="UTF-8"?>
<testng-results ignored="0" total="5" passed="4" failed="1" skipped="0">
  <reporter-output>
  </reporter-output>
  <suite started-at="2024-03-09T23:20:50 IST" name="Suite" finished-at="2024-03-09T23:21:48 IST" duration-ms="57619">
    <groups>
    </groups>
    <test started-at="2024-03-09T23:20:50 IST" name="Test" finished-at="2024-03-09T23:21:48 IST" duration-ms="57619">
      <class name="withoutFrameworkTesting.standAloneUItesting">
        <test-method is-config="true" signature="launchApplication()[pri:0, instance:withoutFrameworkTesting.standAloneUItesting@5b03b9fe]" started-at="2024-03-09T23:20:50 IST" name="launchApplication" finished-at="2024-03-09T23:20:58 IST" duration-ms="8123" status="PASS">
          <reporter-output>
          </reporter-output>
        </test-method> <!-- launchApplication -->
        <test-method signature="submitOrder(java.util.HashMap)[pri:0, instance:withoutFrameworkTesting.standAloneUItesting@5b03b9fe]" started-at="2024-03-09T23:20:58 IST" name="submitOrder" data-provider="getData" finished-at="2024-03-09T23:21:05 IST" duration-ms="7036" status="PASS">
          <params>
            <param index="0">
              <value>
                <![CDATA[{password=Iamking@000, product=ZARA COAT 3, email=anshika@gmail.com}]]>
              </value>
            </param>
          </params>
          <reporter-output>
          </reporter-output>
        </test-method> <!-- submitOrder -->
        <test-method is-config="true" signature="closeWindow()[pri:0, instance:withoutFrameworkTesting.standAloneUItesting@5b03b9fe]" started-at="2024-03-09T23:21:05 IST" name="closeWindow" finished-at="2024-03-09T23:21:06 IST" duration-ms="88" status="PASS">
          <reporter-output>
          </reporter-output>
        </test-method> <!-- closeWindow -->
        <test-method is-config="true" signature="launchApplication()[pri:0, instance:withoutFrameworkTesting.standAloneUItesting@5b03b9fe]" started-at="2024-03-09T23:21:06 IST" name="launchApplication" finished-at="2024-03-09T23:21:14 IST" duration-ms="8229" status="PASS">
          <reporter-output>
          </reporter-output>
        </test-method> <!-- launchApplication -->
        <test-method signature="submitOrder(java.util.HashMap)[pri:0, instance:withoutFrameworkTesting.standAloneUItesting@5b03b9fe]" started-at="2024-03-09T23:21:14 IST" name="submitOrder" data-provider="getData" finished-at="2024-03-09T23:21:20 IST" duration-ms="6245" status="PASS">
          <params>
            <param index="0">
              <value>
                <![CDATA[{password=Raj@9211, product=ADIDAS ORIGINAL, email=raj1105@gmail.com}]]>
              </value>
            </param>
          </params>
          <reporter-output>
          </reporter-output>
        </test-method> <!-- submitOrder -->
        <test-method is-config="true" signature="closeWindow()[pri:0, instance:withoutFrameworkTesting.standAloneUItesting@5b03b9fe]" started-at="2024-03-09T23:21:20 IST" name="closeWindow" finished-at="2024-03-09T23:21:20 IST" duration-ms="68" status="PASS">
          <reporter-output>
          </reporter-output>
        </test-method> <!-- closeWindow -->
        <test-method is-config="true" signature="launchApplication()[pri:0, instance:withoutFrameworkTesting.standAloneUItesting@5b03b9fe]" started-at="2024-03-09T23:21:20 IST" name="launchApplication" finished-at="2024-03-09T23:21:27 IST" duration-ms="6563" status="PASS">
          <reporter-output>
          </reporter-output>
        </test-method> <!-- launchApplication -->
        <test-method signature="orderPageValidation()[pri:0, instance:withoutFrameworkTesting.standAloneUItesting@5b03b9fe]" started-at="2024-03-09T23:21:27 IST" name="orderPageValidation" finished-at="2024-03-09T23:21:29 IST" depends-on-methods="withoutFrameworkTesting.standAloneUItesting.submitOrder" duration-ms="2406" status="PASS">
          <reporter-output>
          </reporter-output>
        </test-method> <!-- orderPageValidation -->
        <test-method is-config="true" signature="closeWindow()[pri:0, instance:withoutFrameworkTesting.standAloneUItesting@5b03b9fe]" started-at="2024-03-09T23:21:29 IST" name="closeWindow" finished-at="2024-03-09T23:21:29 IST" duration-ms="108" status="PASS">
          <reporter-output>
          </reporter-output>
        </test-method> <!-- closeWindow -->
      </class> <!-- withoutFrameworkTesting.standAloneUItesting -->
      <class name="withoutFrameworkTesting.ErrorValidation">
        <test-method is-config="true" signature="launchApplication()[pri:0, instance:withoutFrameworkTesting.ErrorValidation@37d4349f]" started-at="2024-03-09T23:21:29 IST" name="launchApplication" finished-at="2024-03-09T23:21:35 IST" duration-ms="6247" status="PASS">
          <reporter-output>
          </reporter-output>
        </test-method> <!-- launchApplication -->
        <test-method signature="loginValidation()[pri:0, instance:withoutFrameworkTesting.ErrorValidation@37d4349f]" started-at="2024-03-09T23:21:35 IST" name="loginValidation" finished-at="2024-03-09T23:21:36 IST" duration-ms="873" status="FAIL">
          <exception class="java.lang.AssertionError">
            <message>
              <![CDATA[expected [Incorrect email or password] but found [Incorrect email or password.]]]>
            </message>
            <full-stacktrace>
              <![CDATA[java.lang.AssertionError: expected [Incorrect email or password] but found [Incorrect email or password.]
at org.testng.Assert.fail(Assert.java:97)
at org.testng.Assert.assertEqualsImpl(Assert.java:136)
at org.testng.Assert.assertEquals(Assert.java:118)
at org.testng.Assert.assertEquals(Assert.java:575)
at org.testng.Assert.assertEquals(Assert.java:585)
at withoutFrameworkTesting.ErrorValidation.loginValidation(ErrorValidation.java:16)
at java.base/jdk.internal.reflect.DirectMethodHandleAccessor.invoke(DirectMethodHandleAccessor.java:103)
at java.base/java.lang.reflect.Method.invoke(Method.java:580)
at org.testng.internal.MethodInvocationHelper.invokeMethod(MethodInvocationHelper.java:134)
at org.testng.internal.TestInvoker.invokeMethod(TestInvoker.java:597)
at org.testng.internal.TestInvoker.invokeTestMethod(TestInvoker.java:173)
at org.testng.internal.MethodRunner.runInSequence(MethodRunner.java:46)
at org.testng.internal.TestInvoker$MethodInvocationAgent.invoke(TestInvoker.java:816)
at org.testng.internal.TestInvoker.invokeTestMethods(TestInvoker.java:146)
at org.testng.internal.TestMethodWorker.invokeTestMethods(TestMethodWorker.java:146)
at org.testng.internal.TestMethodWorker.run(TestMethodWorker.java:128)
at java.base/java.util.ArrayList.forEach(ArrayList.java:1596)
at org.testng.TestRunner.privateRun(TestRunner.java:766)
at org.testng.TestRunner.run(TestRunner.java:587)
at org.testng.SuiteRunner.runTest(SuiteRunner.java:384)
at org.testng.SuiteRunner.runSequentially(SuiteRunner.java:378)
at org.testng.SuiteRunner.privateRun(SuiteRunner.java:337)
at org.testng.SuiteRunner.run(SuiteRunner.java:286)
at org.testng.SuiteRunnerWorker.runSuite(SuiteRunnerWorker.java:53)
at org.testng.SuiteRunnerWorker.run(SuiteRunnerWorker.java:96)
at org.testng.TestNG.runSuitesSequentially(TestNG.java:1187)
at org.testng.TestNG.runSuitesLocally(TestNG.java:1109)
at org.testng.TestNG.runSuites(TestNG.java:1039)
at org.testng.TestNG.run(TestNG.java:1007)
at org.apache.maven.surefire.testng.TestNGExecutor.run(TestNGExecutor.java:324)
at org.apache.maven.surefire.testng.TestNGXmlTestSuite.execute(TestNGXmlTestSuite.java:74)
at org.apache.maven.surefire.testng.TestNGProvider.invoke(TestNGProvider.java:123)
at org.apache.maven.surefire.booter.ForkedBooter.runSuitesInProcess(ForkedBooter.java:456)
at org.apache.maven.surefire.booter.ForkedBooter.execute(ForkedBooter.java:169)
at org.apache.maven.surefire.booter.ForkedBooter.run(ForkedBooter.java:595)
at org.apache.maven.surefire.booter.ForkedBooter.main(ForkedBooter.java:581)
]]>
            </full-stacktrace>
          </exception> <!-- java.lang.AssertionError -->
          <reporter-output>
          </reporter-output>
        </test-method> <!-- loginValidation -->
        <test-method is-config="true" signature="closeWindow()[pri:0, instance:withoutFrameworkTesting.ErrorValidation@37d4349f]" started-at="2024-03-09T23:21:37 IST" name="closeWindow" finished-at="2024-03-09T23:21:37 IST" duration-ms="65" status="PASS">
          <reporter-output>
          </reporter-output>
        </test-method> <!-- closeWindow -->
        <test-method is-config="true" signature="launchApplication()[pri:0, instance:withoutFrameworkTesting.ErrorValidation@37d4349f]" started-at="2024-03-09T23:21:37 IST" name="launchApplication" finished-at="2024-03-09T23:21:43 IST" duration-ms="6725" status="PASS">
          <reporter-output>
          </reporter-output>
        </test-method> <!-- launchApplication -->
        <test-method signature="selectCountryInputValidation()[pri:0, instance:withoutFrameworkTesting.ErrorValidation@37d4349f]" started-at="2024-03-09T23:21:43 IST" name="selectCountryInputValidation" finished-at="2024-03-09T23:21:48 IST" duration-ms="4141" status="PASS">
          <reporter-output>
          </reporter-output>
        </test-method> <!-- selectCountryInputValidation -->
        <test-method is-config="true" signature="closeWindow()[pri:0, instance:withoutFrameworkTesting.ErrorValidation@37d4349f]" started-at="2024-03-09T23:21:48 IST" name="closeWindow" finished-at="2024-03-09T23:21:48 IST" duration-ms="68" status="PASS">
          <reporter-output>
          </reporter-output>
        </test-method> <!-- closeWindow -->
      </class> <!-- withoutFrameworkTesting.ErrorValidation -->
    </test> <!-- Test -->
  </suite> <!-- Suite -->
</testng-results>
