<!DOCTYPE html PUBLIC "-//W3C//DTD XHTML 1.1//EN" "http://www.w3.org/TR/xhtml11/DTD/xhtml11.dtd">
<html xmlns="http://www.w3.org/1999/xhtml">
<head>
<meta http-equiv="content-type" content="text/html; charset=UTF-8"/>
<title>TestNG Report</title>
<style type="text/css">table {margin-bottom:10px;border-collapse:collapse;empty-cells:show}th,td {border:1px solid #009;padding:.25em .5em}th {vertical-align:bottom}td {vertical-align:top}table a {font-weight:bold}.stripe td {background-color: #E6EBF9}.num {text-align:right}.passedodd td {background-color: #3F3}.passedeven td {background-color: #0A0}.skippedodd td {background-color: #DDD}.skippedeven td {background-color: #CCC}.failedodd td,.attn {background-color: #F33}.failedeven td,.stripe .attn {background-color: #D00}.stacktrace {white-space:pre;font-family:monospace}.totop {font-size:85%;text-align:center;border-bottom:2px solid #000}.invisible {display:none}</style>
</head>
<body>
<table>
<tr><th>Test</th><th># Passed</th><th># Skipped</th><th># Retried</th><th># Failed</th><th>Time (ms)</th><th>Included Groups</th><th>Excluded Groups</th></tr>
<tr><th colspan="8">Suite</th></tr>
<tr><td><a href="#t0">Test</a></td><td class="num">0</td><td class="num attn">5</td><td class="num">0</td><td class="num">0</td><td class="num">4,755</td><td></td><td></td></tr>
</table>
<table id='summary'><thead><tr><th>Class</th><th>Method</th><th>Start</th><th>Time (ms)</th></tr></thead><tbody><tr><th colspan="4">Suite</th></tr></tbody><tbody id="t0"><tr><th colspan="4">Test &#8212; failed (configuration methods)</th></tr><tr class="failedeven"><td rowspan="1">withoutFrameworkTesting.ErrorValidation</td><td><a href="#m0">launchApplication</a></td><td rowspan="1">1716216722833</td><td rowspan="1">1098</td></tr><tr class="failedodd"><td rowspan="1">withoutFrameworkTesting.standAloneUItesting</td><td><a href="#m1">launchApplication</a></td><td rowspan="1">1716216719613</td><td rowspan="1">3171</td></tr><tr><th colspan="4">Test &#8212; skipped (configuration methods)</th></tr><tr class="skippedeven"><td rowspan="3">withoutFrameworkTesting.ErrorValidation</td><td><a href="#m2">closeWindow</a></td><td rowspan="2">1716216723948</td><td rowspan="2">-1716216723948</td></tr><tr class="skippedeven"><td><a href="#m3">closeWindow</a></td></tr><tr class="skippedeven"><td><a href="#m4">launchApplication</a></td><td rowspan="1">1716216723941</td><td rowspan="1">-1716216723941</td></tr><tr class="skippedodd"><td rowspan="3">withoutFrameworkTesting.standAloneUItesting</td><td><a href="#m5">closeWindow</a></td><td rowspan="2">1716216722824</td><td rowspan="2">-1716216722824</td></tr><tr class="skippedodd"><td><a href="#m6">closeWindow</a></td></tr><tr class="skippedodd"><td><a href="#m7">launchApplication</a></td><td rowspan="1">1716216722818</td><td rowspan="1">-1716216722818</td></tr><tr><th colspan="4">Test &#8212; skipped</th></tr><tr class="skippedeven"><td rowspan="2">withoutFrameworkTesting.ErrorValidation</td><td><a href="#m8">loginValidation</a></td><td rowspan="1">1716216723935</td><td rowspan="1">0</td></tr><tr class="skippedeven"><td><a href="#m9">selectCountryInputValidation</a></td><td rowspan="1">1716216723944</td><td rowspan="1">0</td></tr><tr class="skippedodd"><td rowspan="3">withoutFrameworkTesting.standAloneUItesting</td><td><a href="#m10">orderPageValidation</a></td><td rowspan="1">1716216722828</td><td rowspan="1">0</td></tr><tr class="skippedodd"><td><a href="#m11">submitOrder</a></td><td rowspan="2">1716216722819</td><td rowspan="2">0</td></tr><tr class="skippedodd"><td><a href="#m12">submitOrder</a></td></tr></tbody>
</table>
<h2>Test</h2><h3 id="m0">withoutFrameworkTesting.ErrorValidation#launchApplication</h3><table class="result"><tr><th>Exception</th></tr><tr><td><div class="stacktrace">org.openqa.selenium.SessionNotCreatedException: session not created: This version of ChromeDriver only supports Chrome version 121
Current browser version is 124.0.6367.209 with binary path C:\Program Files\Google\Chrome\Application\chrome.exe
Build info: version: &apos;3.141.59&apos;, revision: &apos;e82be7d358&apos;, time: &apos;2018-11-14T08:17:03&apos;
System info: host: &apos;CHANDRRA_PRASD&apos;, ip: &apos;192.168.31.10&apos;, os.name: &apos;Windows 11&apos;, os.arch: &apos;amd64&apos;, os.version: &apos;10.0&apos;, java.version: &apos;21.0.1&apos;
Driver info: driver.version: ChromeDriver
remote stacktrace: 	GetHandleVerifier [0x010E1673+52979]
	(No symbol) [0x01067961]
	(No symbol) [0x00F4DD3D]
	(No symbol) [0x00F79981]
	(No symbol) [0x00F78ED4]
	(No symbol) [0x00F74794]
	(No symbol) [0x00F712F9]
	(No symbol) [0x00FAD2B1]
	(No symbol) [0x00FACE5A]
	(No symbol) [0x00FA4286]
	(No symbol) [0x00F7C063]
	(No symbol) [0x00F7CECD]
	GetHandleVerifier [0x013F8D83+3294723]
	GetHandleVerifier [0x01436CC2+3548482]
	GetHandleVerifier [0x01431C9C+3527964]
	GetHandleVerifier [0x0117870E+671630]
	(No symbol) [0x01071EB4]
	(No symbol) [0x0106D808]
	(No symbol) [0x0106D92D]
	(No symbol) [0x0105F7E0]
	BaseThreadInitThunk [0x75BB7BA9+25]
	RtlInitializeExceptionChain [0x7744BE3B+107]
	RtlClearBits [0x7744BDBF+191]

	at org.openqa.selenium.remote.W3CHandshakeResponse.lambda$errorHandler$0(W3CHandshakeResponse.java:62)
	at org.openqa.selenium.remote.HandshakeResponse.lambda$getResponseFunction$0(HandshakeResponse.java:30)
	at org.openqa.selenium.remote.ProtocolHandshake.lambda$createSession$0(ProtocolHandshake.java:126)
	at java.base/java.util.stream.ReferencePipeline$3$1.accept(ReferencePipeline.java:197)
	at java.base/java.util.Spliterators$ArraySpliterator.tryAdvance(Spliterators.java:1034)
	at java.base/java.util.stream.ReferencePipeline.forEachWithCancel(ReferencePipeline.java:129)
	at java.base/java.util.stream.AbstractPipeline.copyIntoWithCancel(AbstractPipeline.java:527)
	at java.base/java.util.stream.AbstractPipeline.copyInto(AbstractPipeline.java:513)
	at java.base/java.util.stream.AbstractPipeline.wrapAndCopyInto(AbstractPipeline.java:499)
	at java.base/java.util.stream.FindOps$FindOp.evaluateSequential(FindOps.java:150)
	at java.base/java.util.stream.AbstractPipeline.evaluate(AbstractPipeline.java:234)
	at java.base/java.util.stream.ReferencePipeline.findFirst(ReferencePipeline.java:647)
	at org.openqa.selenium.remote.ProtocolHandshake.createSession(ProtocolHandshake.java:128)
	at org.openqa.selenium.remote.ProtocolHandshake.createSession(ProtocolHandshake.java:74)
	at org.openqa.selenium.remote.HttpCommandExecutor.execute(HttpCommandExecutor.java:136)
	at org.openqa.selenium.remote.service.DriverCommandExecutor.execute(DriverCommandExecutor.java:83)
	at org.openqa.selenium.remote.RemoteWebDriver.execute(RemoteWebDriver.java:552)
	at org.openqa.selenium.remote.RemoteWebDriver.startSession(RemoteWebDriver.java:213)
	at org.openqa.selenium.remote.RemoteWebDriver.&lt;init&gt;(RemoteWebDriver.java:131)
	at org.openqa.selenium.chrome.ChromeDriver.&lt;init&gt;(ChromeDriver.java:181)
	at org.openqa.selenium.chrome.ChromeDriver.&lt;init&gt;(ChromeDriver.java:168)
	at org.openqa.selenium.chrome.ChromeDriver.&lt;init&gt;(ChromeDriver.java:123)
	at UtilityClass.BaseTest.initializeDriver(BaseTest.java:36)
	at UtilityClass.BaseTest.launchApplication(BaseTest.java:60)
	at java.base/java.util.ArrayList.forEach(ArrayList.java:1596)
... Removed 32 stack frames</div></td></tr></table><p class="totop"><a href="#summary">back to summary</a></p>
<h3 id="m1">withoutFrameworkTesting.standAloneUItesting#launchApplication</h3><table class="result"><tr><th>Exception</th></tr><tr><td><div class="stacktrace">org.openqa.selenium.SessionNotCreatedException: session not created: This version of ChromeDriver only supports Chrome version 121
Current browser version is 124.0.6367.209 with binary path C:\Program Files\Google\Chrome\Application\chrome.exe
Build info: version: &apos;3.141.59&apos;, revision: &apos;e82be7d358&apos;, time: &apos;2018-11-14T08:17:03&apos;
System info: host: &apos;CHANDRRA_PRASD&apos;, ip: &apos;192.168.31.10&apos;, os.name: &apos;Windows 11&apos;, os.arch: &apos;amd64&apos;, os.version: &apos;10.0&apos;, java.version: &apos;21.0.1&apos;
Driver info: driver.version: ChromeDriver
remote stacktrace: 	GetHandleVerifier [0x010E1673+52979]
	(No symbol) [0x01067961]
	(No symbol) [0x00F4DD3D]
	(No symbol) [0x00F79981]
	(No symbol) [0x00F78ED4]
	(No symbol) [0x00F74794]
	(No symbol) [0x00F712F9]
	(No symbol) [0x00FAD2B1]
	(No symbol) [0x00FACE5A]
	(No symbol) [0x00FA4286]
	(No symbol) [0x00F7C063]
	(No symbol) [0x00F7CECD]
	GetHandleVerifier [0x013F8D83+3294723]
	GetHandleVerifier [0x01436CC2+3548482]
	GetHandleVerifier [0x01431C9C+3527964]
	GetHandleVerifier [0x0117870E+671630]
	(No symbol) [0x01071EB4]
	(No symbol) [0x0106D808]
	(No symbol) [0x0106D92D]
	(No symbol) [0x0105F7E0]
	BaseThreadInitThunk [0x75BB7BA9+25]
	RtlInitializeExceptionChain [0x7744BE3B+107]
	RtlClearBits [0x7744BDBF+191]

	at org.openqa.selenium.remote.W3CHandshakeResponse.lambda$errorHandler$0(W3CHandshakeResponse.java:62)
	at org.openqa.selenium.remote.HandshakeResponse.lambda$getResponseFunction$0(HandshakeResponse.java:30)
	at org.openqa.selenium.remote.ProtocolHandshake.lambda$createSession$0(ProtocolHandshake.java:126)
	at java.base/java.util.stream.ReferencePipeline$3$1.accept(ReferencePipeline.java:197)
	at java.base/java.util.Spliterators$ArraySpliterator.tryAdvance(Spliterators.java:1034)
	at java.base/java.util.stream.ReferencePipeline.forEachWithCancel(ReferencePipeline.java:129)
	at java.base/java.util.stream.AbstractPipeline.copyIntoWithCancel(AbstractPipeline.java:527)
	at java.base/java.util.stream.AbstractPipeline.copyInto(AbstractPipeline.java:513)
	at java.base/java.util.stream.AbstractPipeline.wrapAndCopyInto(AbstractPipeline.java:499)
	at java.base/java.util.stream.FindOps$FindOp.evaluateSequential(FindOps.java:150)
	at java.base/java.util.stream.AbstractPipeline.evaluate(AbstractPipeline.java:234)
	at java.base/java.util.stream.ReferencePipeline.findFirst(ReferencePipeline.java:647)
	at org.openqa.selenium.remote.ProtocolHandshake.createSession(ProtocolHandshake.java:128)
	at org.openqa.selenium.remote.ProtocolHandshake.createSession(ProtocolHandshake.java:74)
	at org.openqa.selenium.remote.HttpCommandExecutor.execute(HttpCommandExecutor.java:136)
	at org.openqa.selenium.remote.service.DriverCommandExecutor.execute(DriverCommandExecutor.java:83)
	at org.openqa.selenium.remote.RemoteWebDriver.execute(RemoteWebDriver.java:552)
	at org.openqa.selenium.remote.RemoteWebDriver.startSession(RemoteWebDriver.java:213)
	at org.openqa.selenium.remote.RemoteWebDriver.&lt;init&gt;(RemoteWebDriver.java:131)
	at org.openqa.selenium.chrome.ChromeDriver.&lt;init&gt;(ChromeDriver.java:181)
	at org.openqa.selenium.chrome.ChromeDriver.&lt;init&gt;(ChromeDriver.java:168)
	at org.openqa.selenium.chrome.ChromeDriver.&lt;init&gt;(ChromeDriver.java:123)
	at UtilityClass.BaseTest.initializeDriver(BaseTest.java:36)
	at UtilityClass.BaseTest.launchApplication(BaseTest.java:60)
	at java.base/java.util.ArrayList.forEach(ArrayList.java:1596)
... Removed 32 stack frames</div></td></tr></table><p class="totop"><a href="#summary">back to summary</a></p>
<h3 id="m2">withoutFrameworkTesting.ErrorValidation#closeWindow</h3><table class="result"><tr><th class="invisible"/></tr></table><p class="totop"><a href="#summary">back to summary</a></p>
<h3 id="m3">withoutFrameworkTesting.ErrorValidation#closeWindow</h3><table class="result"><tr><th class="invisible"/></tr></table><p class="totop"><a href="#summary">back to summary</a></p>
<h3 id="m4">withoutFrameworkTesting.ErrorValidation#launchApplication</h3><table class="result"><tr><th class="invisible"/></tr></table><p class="totop"><a href="#summary">back to summary</a></p>
<h3 id="m5">withoutFrameworkTesting.standAloneUItesting#closeWindow</h3><table class="result"><tr><th class="invisible"/></tr></table><p class="totop"><a href="#summary">back to summary</a></p>
<h3 id="m6">withoutFrameworkTesting.standAloneUItesting#closeWindow</h3><table class="result"><tr><th class="invisible"/></tr></table><p class="totop"><a href="#summary">back to summary</a></p>
<h3 id="m7">withoutFrameworkTesting.standAloneUItesting#launchApplication</h3><table class="result"><tr><th class="invisible"/></tr></table><p class="totop"><a href="#summary">back to summary</a></p>
<h3 id="m8">withoutFrameworkTesting.ErrorValidation#loginValidation</h3><table class="result"><tr><th>Exception</th></tr><tr><td><div class="stacktrace">org.openqa.selenium.SessionNotCreatedException: session not created: This version of ChromeDriver only supports Chrome version 121
Current browser version is 124.0.6367.209 with binary path C:\Program Files\Google\Chrome\Application\chrome.exe
Build info: version: &apos;3.141.59&apos;, revision: &apos;e82be7d358&apos;, time: &apos;2018-11-14T08:17:03&apos;
System info: host: &apos;CHANDRRA_PRASD&apos;, ip: &apos;192.168.31.10&apos;, os.name: &apos;Windows 11&apos;, os.arch: &apos;amd64&apos;, os.version: &apos;10.0&apos;, java.version: &apos;21.0.1&apos;
Driver info: driver.version: ChromeDriver
remote stacktrace: 	GetHandleVerifier [0x010E1673+52979]
	(No symbol) [0x01067961]
	(No symbol) [0x00F4DD3D]
	(No symbol) [0x00F79981]
	(No symbol) [0x00F78ED4]
	(No symbol) [0x00F74794]
	(No symbol) [0x00F712F9]
	(No symbol) [0x00FAD2B1]
	(No symbol) [0x00FACE5A]
	(No symbol) [0x00FA4286]
	(No symbol) [0x00F7C063]
	(No symbol) [0x00F7CECD]
	GetHandleVerifier [0x013F8D83+3294723]
	GetHandleVerifier [0x01436CC2+3548482]
	GetHandleVerifier [0x01431C9C+3527964]
	GetHandleVerifier [0x0117870E+671630]
	(No symbol) [0x01071EB4]
	(No symbol) [0x0106D808]
	(No symbol) [0x0106D92D]
	(No symbol) [0x0105F7E0]
	BaseThreadInitThunk [0x75BB7BA9+25]
	RtlInitializeExceptionChain [0x7744BE3B+107]
	RtlClearBits [0x7744BDBF+191]

	at org.openqa.selenium.remote.W3CHandshakeResponse.lambda$errorHandler$0(W3CHandshakeResponse.java:62)
	at org.openqa.selenium.remote.HandshakeResponse.lambda$getResponseFunction$0(HandshakeResponse.java:30)
	at org.openqa.selenium.remote.ProtocolHandshake.lambda$createSession$0(ProtocolHandshake.java:126)
	at java.base/java.util.stream.ReferencePipeline$3$1.accept(ReferencePipeline.java:197)
	at java.base/java.util.Spliterators$ArraySpliterator.tryAdvance(Spliterators.java:1034)
	at java.base/java.util.stream.ReferencePipeline.forEachWithCancel(ReferencePipeline.java:129)
	at java.base/java.util.stream.AbstractPipeline.copyIntoWithCancel(AbstractPipeline.java:527)
	at java.base/java.util.stream.AbstractPipeline.copyInto(AbstractPipeline.java:513)
	at java.base/java.util.stream.AbstractPipeline.wrapAndCopyInto(AbstractPipeline.java:499)
	at java.base/java.util.stream.FindOps$FindOp.evaluateSequential(FindOps.java:150)
	at java.base/java.util.stream.AbstractPipeline.evaluate(AbstractPipeline.java:234)
	at java.base/java.util.stream.ReferencePipeline.findFirst(ReferencePipeline.java:647)
	at org.openqa.selenium.remote.ProtocolHandshake.createSession(ProtocolHandshake.java:128)
	at org.openqa.selenium.remote.ProtocolHandshake.createSession(ProtocolHandshake.java:74)
	at org.openqa.selenium.remote.HttpCommandExecutor.execute(HttpCommandExecutor.java:136)
	at org.openqa.selenium.remote.service.DriverCommandExecutor.execute(DriverCommandExecutor.java:83)
	at org.openqa.selenium.remote.RemoteWebDriver.execute(RemoteWebDriver.java:552)
	at org.openqa.selenium.remote.RemoteWebDriver.startSession(RemoteWebDriver.java:213)
	at org.openqa.selenium.remote.RemoteWebDriver.&lt;init&gt;(RemoteWebDriver.java:131)
	at org.openqa.selenium.chrome.ChromeDriver.&lt;init&gt;(ChromeDriver.java:181)
	at org.openqa.selenium.chrome.ChromeDriver.&lt;init&gt;(ChromeDriver.java:168)
	at org.openqa.selenium.chrome.ChromeDriver.&lt;init&gt;(ChromeDriver.java:123)
	at UtilityClass.BaseTest.initializeDriver(BaseTest.java:36)
	at UtilityClass.BaseTest.launchApplication(BaseTest.java:60)
	at java.base/java.util.ArrayList.forEach(ArrayList.java:1596)
... Removed 32 stack frames</div></td></tr></table><p class="totop"><a href="#summary">back to summary</a></p>
<h3 id="m9">withoutFrameworkTesting.ErrorValidation#selectCountryInputValidation</h3><table class="result"><tr><th>Exception</th></tr><tr><td><div class="stacktrace">org.openqa.selenium.SessionNotCreatedException: session not created: This version of ChromeDriver only supports Chrome version 121
Current browser version is 124.0.6367.209 with binary path C:\Program Files\Google\Chrome\Application\chrome.exe
Build info: version: &apos;3.141.59&apos;, revision: &apos;e82be7d358&apos;, time: &apos;2018-11-14T08:17:03&apos;
System info: host: &apos;CHANDRRA_PRASD&apos;, ip: &apos;192.168.31.10&apos;, os.name: &apos;Windows 11&apos;, os.arch: &apos;amd64&apos;, os.version: &apos;10.0&apos;, java.version: &apos;21.0.1&apos;
Driver info: driver.version: ChromeDriver
remote stacktrace: 	GetHandleVerifier [0x010E1673+52979]
	(No symbol) [0x01067961]
	(No symbol) [0x00F4DD3D]
	(No symbol) [0x00F79981]
	(No symbol) [0x00F78ED4]
	(No symbol) [0x00F74794]
	(No symbol) [0x00F712F9]
	(No symbol) [0x00FAD2B1]
	(No symbol) [0x00FACE5A]
	(No symbol) [0x00FA4286]
	(No symbol) [0x00F7C063]
	(No symbol) [0x00F7CECD]
	GetHandleVerifier [0x013F8D83+3294723]
	GetHandleVerifier [0x01436CC2+3548482]
	GetHandleVerifier [0x01431C9C+3527964]
	GetHandleVerifier [0x0117870E+671630]
	(No symbol) [0x01071EB4]
	(No symbol) [0x0106D808]
	(No symbol) [0x0106D92D]
	(No symbol) [0x0105F7E0]
	BaseThreadInitThunk [0x75BB7BA9+25]
	RtlInitializeExceptionChain [0x7744BE3B+107]
	RtlClearBits [0x7744BDBF+191]

	at org.openqa.selenium.remote.W3CHandshakeResponse.lambda$errorHandler$0(W3CHandshakeResponse.java:62)
	at org.openqa.selenium.remote.HandshakeResponse.lambda$getResponseFunction$0(HandshakeResponse.java:30)
	at org.openqa.selenium.remote.ProtocolHandshake.lambda$createSession$0(ProtocolHandshake.java:126)
	at java.base/java.util.stream.ReferencePipeline$3$1.accept(ReferencePipeline.java:197)
	at java.base/java.util.Spliterators$ArraySpliterator.tryAdvance(Spliterators.java:1034)
	at java.base/java.util.stream.ReferencePipeline.forEachWithCancel(ReferencePipeline.java:129)
	at java.base/java.util.stream.AbstractPipeline.copyIntoWithCancel(AbstractPipeline.java:527)
	at java.base/java.util.stream.AbstractPipeline.copyInto(AbstractPipeline.java:513)
	at java.base/java.util.stream.AbstractPipeline.wrapAndCopyInto(AbstractPipeline.java:499)
	at java.base/java.util.stream.FindOps$FindOp.evaluateSequential(FindOps.java:150)
	at java.base/java.util.stream.AbstractPipeline.evaluate(AbstractPipeline.java:234)
	at java.base/java.util.stream.ReferencePipeline.findFirst(ReferencePipeline.java:647)
	at org.openqa.selenium.remote.ProtocolHandshake.createSession(ProtocolHandshake.java:128)
	at org.openqa.selenium.remote.ProtocolHandshake.createSession(ProtocolHandshake.java:74)
	at org.openqa.selenium.remote.HttpCommandExecutor.execute(HttpCommandExecutor.java:136)
	at org.openqa.selenium.remote.service.DriverCommandExecutor.execute(DriverCommandExecutor.java:83)
	at org.openqa.selenium.remote.RemoteWebDriver.execute(RemoteWebDriver.java:552)
	at org.openqa.selenium.remote.RemoteWebDriver.startSession(RemoteWebDriver.java:213)
	at org.openqa.selenium.remote.RemoteWebDriver.&lt;init&gt;(RemoteWebDriver.java:131)
	at org.openqa.selenium.chrome.ChromeDriver.&lt;init&gt;(ChromeDriver.java:181)
	at org.openqa.selenium.chrome.ChromeDriver.&lt;init&gt;(ChromeDriver.java:168)
	at org.openqa.selenium.chrome.ChromeDriver.&lt;init&gt;(ChromeDriver.java:123)
	at UtilityClass.BaseTest.initializeDriver(BaseTest.java:36)
	at UtilityClass.BaseTest.launchApplication(BaseTest.java:60)
	at java.base/java.util.ArrayList.forEach(ArrayList.java:1596)
... Removed 32 stack frames</div></td></tr></table><p class="totop"><a href="#summary">back to summary</a></p>
<h3 id="m10">withoutFrameworkTesting.standAloneUItesting#orderPageValidation</h3><table class="result"><tr><th>Exception</th></tr><tr><td><div class="stacktrace">java.lang.Throwable: Method standAloneUItesting.orderPageValidation()[pri:0, instance:withoutFrameworkTesting.standAloneUItesting@33065d67] depends on not successfully finished methods
	at java.base/java.util.ArrayList.forEach(ArrayList.java:1596)
... Removed 18 stack frames</div></td></tr></table><p class="totop"><a href="#summary">back to summary</a></p>
<h3 id="m11">withoutFrameworkTesting.standAloneUItesting#submitOrder</h3><table class="result"><tr><th>Exception</th></tr><tr><td><div class="stacktrace">org.openqa.selenium.SessionNotCreatedException: session not created: This version of ChromeDriver only supports Chrome version 121
Current browser version is 124.0.6367.209 with binary path C:\Program Files\Google\Chrome\Application\chrome.exe
Build info: version: &apos;3.141.59&apos;, revision: &apos;e82be7d358&apos;, time: &apos;2018-11-14T08:17:03&apos;
System info: host: &apos;CHANDRRA_PRASD&apos;, ip: &apos;192.168.31.10&apos;, os.name: &apos;Windows 11&apos;, os.arch: &apos;amd64&apos;, os.version: &apos;10.0&apos;, java.version: &apos;21.0.1&apos;
Driver info: driver.version: ChromeDriver
remote stacktrace: 	GetHandleVerifier [0x010E1673+52979]
	(No symbol) [0x01067961]
	(No symbol) [0x00F4DD3D]
	(No symbol) [0x00F79981]
	(No symbol) [0x00F78ED4]
	(No symbol) [0x00F74794]
	(No symbol) [0x00F712F9]
	(No symbol) [0x00FAD2B1]
	(No symbol) [0x00FACE5A]
	(No symbol) [0x00FA4286]
	(No symbol) [0x00F7C063]
	(No symbol) [0x00F7CECD]
	GetHandleVerifier [0x013F8D83+3294723]
	GetHandleVerifier [0x01436CC2+3548482]
	GetHandleVerifier [0x01431C9C+3527964]
	GetHandleVerifier [0x0117870E+671630]
	(No symbol) [0x01071EB4]
	(No symbol) [0x0106D808]
	(No symbol) [0x0106D92D]
	(No symbol) [0x0105F7E0]
	BaseThreadInitThunk [0x75BB7BA9+25]
	RtlInitializeExceptionChain [0x7744BE3B+107]
	RtlClearBits [0x7744BDBF+191]

	at org.openqa.selenium.remote.W3CHandshakeResponse.lambda$errorHandler$0(W3CHandshakeResponse.java:62)
	at org.openqa.selenium.remote.HandshakeResponse.lambda$getResponseFunction$0(HandshakeResponse.java:30)
	at org.openqa.selenium.remote.ProtocolHandshake.lambda$createSession$0(ProtocolHandshake.java:126)
	at java.base/java.util.stream.ReferencePipeline$3$1.accept(ReferencePipeline.java:197)
	at java.base/java.util.Spliterators$ArraySpliterator.tryAdvance(Spliterators.java:1034)
	at java.base/java.util.stream.ReferencePipeline.forEachWithCancel(ReferencePipeline.java:129)
	at java.base/java.util.stream.AbstractPipeline.copyIntoWithCancel(AbstractPipeline.java:527)
	at java.base/java.util.stream.AbstractPipeline.copyInto(AbstractPipeline.java:513)
	at java.base/java.util.stream.AbstractPipeline.wrapAndCopyInto(AbstractPipeline.java:499)
	at java.base/java.util.stream.FindOps$FindOp.evaluateSequential(FindOps.java:150)
	at java.base/java.util.stream.AbstractPipeline.evaluate(AbstractPipeline.java:234)
	at java.base/java.util.stream.ReferencePipeline.findFirst(ReferencePipeline.java:647)
	at org.openqa.selenium.remote.ProtocolHandshake.createSession(ProtocolHandshake.java:128)
	at org.openqa.selenium.remote.ProtocolHandshake.createSession(ProtocolHandshake.java:74)
	at org.openqa.selenium.remote.HttpCommandExecutor.execute(HttpCommandExecutor.java:136)
	at org.openqa.selenium.remote.service.DriverCommandExecutor.execute(DriverCommandExecutor.java:83)
	at org.openqa.selenium.remote.RemoteWebDriver.execute(RemoteWebDriver.java:552)
	at org.openqa.selenium.remote.RemoteWebDriver.startSession(RemoteWebDriver.java:213)
	at org.openqa.selenium.remote.RemoteWebDriver.&lt;init&gt;(RemoteWebDriver.java:131)
	at org.openqa.selenium.chrome.ChromeDriver.&lt;init&gt;(ChromeDriver.java:181)
	at org.openqa.selenium.chrome.ChromeDriver.&lt;init&gt;(ChromeDriver.java:168)
	at org.openqa.selenium.chrome.ChromeDriver.&lt;init&gt;(ChromeDriver.java:123)
	at UtilityClass.BaseTest.initializeDriver(BaseTest.java:36)
	at UtilityClass.BaseTest.launchApplication(BaseTest.java:60)
	at java.base/java.util.ArrayList.forEach(ArrayList.java:1596)
... Removed 32 stack frames</div></td></tr></table><p class="totop"><a href="#summary">back to summary</a></p>
<h3 id="m12">withoutFrameworkTesting.standAloneUItesting#submitOrder</h3><table class="result"><tr><th>Exception</th></tr><tr><td><div class="stacktrace">org.openqa.selenium.SessionNotCreatedException: session not created: This version of ChromeDriver only supports Chrome version 121
Current browser version is 124.0.6367.209 with binary path C:\Program Files\Google\Chrome\Application\chrome.exe
Build info: version: &apos;3.141.59&apos;, revision: &apos;e82be7d358&apos;, time: &apos;2018-11-14T08:17:03&apos;
System info: host: &apos;CHANDRRA_PRASD&apos;, ip: &apos;192.168.31.10&apos;, os.name: &apos;Windows 11&apos;, os.arch: &apos;amd64&apos;, os.version: &apos;10.0&apos;, java.version: &apos;21.0.1&apos;
Driver info: driver.version: ChromeDriver
remote stacktrace: 	GetHandleVerifier [0x010E1673+52979]
	(No symbol) [0x01067961]
	(No symbol) [0x00F4DD3D]
	(No symbol) [0x00F79981]
	(No symbol) [0x00F78ED4]
	(No symbol) [0x00F74794]
	(No symbol) [0x00F712F9]
	(No symbol) [0x00FAD2B1]
	(No symbol) [0x00FACE5A]
	(No symbol) [0x00FA4286]
	(No symbol) [0x00F7C063]
	(No symbol) [0x00F7CECD]
	GetHandleVerifier [0x013F8D83+3294723]
	GetHandleVerifier [0x01436CC2+3548482]
	GetHandleVerifier [0x01431C9C+3527964]
	GetHandleVerifier [0x0117870E+671630]
	(No symbol) [0x01071EB4]
	(No symbol) [0x0106D808]
	(No symbol) [0x0106D92D]
	(No symbol) [0x0105F7E0]
	BaseThreadInitThunk [0x75BB7BA9+25]
	RtlInitializeExceptionChain [0x7744BE3B+107]
	RtlClearBits [0x7744BDBF+191]

	at org.openqa.selenium.remote.W3CHandshakeResponse.lambda$errorHandler$0(W3CHandshakeResponse.java:62)
	at org.openqa.selenium.remote.HandshakeResponse.lambda$getResponseFunction$0(HandshakeResponse.java:30)
	at org.openqa.selenium.remote.ProtocolHandshake.lambda$createSession$0(ProtocolHandshake.java:126)
	at java.base/java.util.stream.ReferencePipeline$3$1.accept(ReferencePipeline.java:197)
	at java.base/java.util.Spliterators$ArraySpliterator.tryAdvance(Spliterators.java:1034)
	at java.base/java.util.stream.ReferencePipeline.forEachWithCancel(ReferencePipeline.java:129)
	at java.base/java.util.stream.AbstractPipeline.copyIntoWithCancel(AbstractPipeline.java:527)
	at java.base/java.util.stream.AbstractPipeline.copyInto(AbstractPipeline.java:513)
	at java.base/java.util.stream.AbstractPipeline.wrapAndCopyInto(AbstractPipeline.java:499)
	at java.base/java.util.stream.FindOps$FindOp.evaluateSequential(FindOps.java:150)
	at java.base/java.util.stream.AbstractPipeline.evaluate(AbstractPipeline.java:234)
	at java.base/java.util.stream.ReferencePipeline.findFirst(ReferencePipeline.java:647)
	at org.openqa.selenium.remote.ProtocolHandshake.createSession(ProtocolHandshake.java:128)
	at org.openqa.selenium.remote.ProtocolHandshake.createSession(ProtocolHandshake.java:74)
	at org.openqa.selenium.remote.HttpCommandExecutor.execute(HttpCommandExecutor.java:136)
	at org.openqa.selenium.remote.service.DriverCommandExecutor.execute(DriverCommandExecutor.java:83)
	at org.openqa.selenium.remote.RemoteWebDriver.execute(RemoteWebDriver.java:552)
	at org.openqa.selenium.remote.RemoteWebDriver.startSession(RemoteWebDriver.java:213)
	at org.openqa.selenium.remote.RemoteWebDriver.&lt;init&gt;(RemoteWebDriver.java:131)
	at org.openqa.selenium.chrome.ChromeDriver.&lt;init&gt;(ChromeDriver.java:181)
	at org.openqa.selenium.chrome.ChromeDriver.&lt;init&gt;(ChromeDriver.java:168)
	at org.openqa.selenium.chrome.ChromeDriver.&lt;init&gt;(ChromeDriver.java:123)
	at UtilityClass.BaseTest.initializeDriver(BaseTest.java:36)
	at UtilityClass.BaseTest.launchApplication(BaseTest.java:60)
	at java.base/java.util.ArrayList.forEach(ArrayList.java:1596)
... Removed 32 stack frames</div></td></tr></table><p class="totop"><a href="#summary">back to summary</a></p>
</body>
</html>
