<?xml version="1.0" encoding="UTF-8"?>
<!-- Generated by org.testng.reporters.JUnitReportReporter -->
<testsuite hostname="Chandrra_Prasd" failures="0" tests="3" name="withoutFrameworkTesting.ErrorValidation" time="1.098" errors="1" timestamp="2024-05-20T20:22:04 IST" skipped="2">
  <testcase classname="withoutFrameworkTesting.ErrorValidation" name="loginValidation" time="0.000">
    <skipped/>
  </testcase> <!-- loginValidation -->
  <system-out/>
  <testcase classname="withoutFrameworkTesting.ErrorValidation" name="launchApplication" time="1.098">
    <error message="session not created: This version of ChromeDriver only supports Chrome version 121
Current browser version is 124.0.6367.209 with binary path C:\Program Files\Google\Chrome\Application\chrome.exe
Build info: version: &#039;3.141.59&#039;, revision: &#039;e82be7d358&#039;, time: &#039;2018-11-14T08:17:03&#039;
System info: host: &#039;CHANDRRA_PRASD&#039;, ip: &#039;192.168.31.10&#039;, os.name: &#039;Windows 11&#039;, os.arch: &#039;amd64&#039;, os.version: &#039;10.0&#039;, java.version: &#039;21.0.1&#039;
Driver info: driver.version: ChromeDriver
remote stacktrace: 	GetHandleVerifier [0x010E1673+52979]
	(No symbol) [0x01067961]
	(No symbol) [0x00F4DD3D]
	(No symbol) [0x00F79981]
	(No symbol) [0x00F78ED4]
	(No symbol) [0x00F74794]
	(No symbol) [0x00F712F9]
	(No symbol) [0x00FAD2B1]
	(No symbol) [0x00FACE5A]
	(No symbol) [0x00FA4286]
	(No symbol) [0x00F7C063]
	(No symbol) [0x00F7CECD]
	GetHandleVerifier [0x013F8D83+3294723]
	GetHandleVerifier [0x01436CC2+3548482]
	GetHandleVerifier [0x01431C9C+3527964]
	GetHandleVerifier [0x0117870E+671630]
	(No symbol) [0x01071EB4]
	(No symbol) [0x0106D808]
	(No symbol) [0x0106D92D]
	(No symbol) [0x0105F7E0]
	BaseThreadInitThunk [0x75BB7BA9+25]
	RtlInitializeExceptionChain [0x7744BE3B+107]
	RtlClearBits [0x7744BDBF+191]
" type="org.openqa.selenium.SessionNotCreatedException">
      <![CDATA[org.openqa.selenium.SessionNotCreatedException: session not created: This version of ChromeDriver only supports Chrome version 121
Current browser version is 124.0.6367.209 with binary path C:\Program Files\Google\Chrome\Application\chrome.exe
Build info: version: '3.141.59', revision: 'e82be7d358', time: '2018-11-14T08:17:03'
System info: host: 'CHANDRRA_PRASD', ip: '192.168.31.10', os.name: 'Windows 11', os.arch: 'amd64', os.version: '10.0', java.version: '21.0.1'
Driver info: driver.version: ChromeDriver
remote stacktrace: GetHandleVerifier [0x010E1673+52979]
(No symbol) [0x01067961]
(No symbol) [0x00F4DD3D]
(No symbol) [0x00F79981]
(No symbol) [0x00F78ED4]
(No symbol) [0x00F74794]
(No symbol) [0x00F712F9]
(No symbol) [0x00FAD2B1]
(No symbol) [0x00FACE5A]
(No symbol) [0x00FA4286]
(No symbol) [0x00F7C063]
(No symbol) [0x00F7CECD]
GetHandleVerifier [0x013F8D83+3294723]
GetHandleVerifier [0x01436CC2+3548482]
GetHandleVerifier [0x01431C9C+3527964]
GetHandleVerifier [0x0117870E+671630]
(No symbol) [0x01071EB4]
(No symbol) [0x0106D808]
(No symbol) [0x0106D92D]
(No symbol) [0x0105F7E0]
BaseThreadInitThunk [0x75BB7BA9+25]
RtlInitializeExceptionChain [0x7744BE3B+107]
RtlClearBits [0x7744BDBF+191]

at java.base/jdk.internal.reflect.DirectConstructorHandleAccessor.newInstance(DirectConstructorHandleAccessor.java:62)
at java.base/java.lang.reflect.Constructor.newInstanceWithCaller(Constructor.java:502)
at java.base/java.lang.reflect.Constructor.newInstance(Constructor.java:486)
at org.openqa.selenium.remote.W3CHandshakeResponse.lambda$errorHandler$0(W3CHandshakeResponse.java:62)
at org.openqa.selenium.remote.HandshakeResponse.lambda$getResponseFunction$0(HandshakeResponse.java:30)
at org.openqa.selenium.remote.ProtocolHandshake.lambda$createSession$0(ProtocolHandshake.java:126)
at java.base/java.util.stream.ReferencePipeline$3$1.accept(ReferencePipeline.java:197)
at java.base/java.util.Spliterators$ArraySpliterator.tryAdvance(Spliterators.java:1034)
at java.base/java.util.stream.ReferencePipeline.forEachWithCancel(ReferencePipeline.java:129)
at java.base/java.util.stream.AbstractPipeline.copyIntoWithCancel(AbstractPipeline.java:527)
at java.base/java.util.stream.AbstractPipeline.copyInto(AbstractPipeline.java:513)
at java.base/java.util.stream.AbstractPipeline.wrapAndCopyInto(AbstractPipeline.java:499)
at java.base/java.util.stream.FindOps$FindOp.evaluateSequential(FindOps.java:150)
at java.base/java.util.stream.AbstractPipeline.evaluate(AbstractPipeline.java:234)
at java.base/java.util.stream.ReferencePipeline.findFirst(ReferencePipeline.java:647)
at org.openqa.selenium.remote.ProtocolHandshake.createSession(ProtocolHandshake.java:128)
at org.openqa.selenium.remote.ProtocolHandshake.createSession(ProtocolHandshake.java:74)
at org.openqa.selenium.remote.HttpCommandExecutor.execute(HttpCommandExecutor.java:136)
at org.openqa.selenium.remote.service.DriverCommandExecutor.execute(DriverCommandExecutor.java:83)
at org.openqa.selenium.remote.RemoteWebDriver.execute(RemoteWebDriver.java:552)
at org.openqa.selenium.remote.RemoteWebDriver.startSession(RemoteWebDriver.java:213)
at org.openqa.selenium.remote.RemoteWebDriver.<init>(RemoteWebDriver.java:131)
at org.openqa.selenium.chrome.ChromeDriver.<init>(ChromeDriver.java:181)
at org.openqa.selenium.chrome.ChromeDriver.<init>(ChromeDriver.java:168)
at org.openqa.selenium.chrome.ChromeDriver.<init>(ChromeDriver.java:123)
at UtilityClass.BaseTest.initializeDriver(BaseTest.java:36)
at UtilityClass.BaseTest.launchApplication(BaseTest.java:60)
at java.base/jdk.internal.reflect.DirectMethodHandleAccessor.invoke(DirectMethodHandleAccessor.java:103)
at java.base/java.lang.reflect.Method.invoke(Method.java:580)
at org.testng.internal.MethodInvocationHelper.invokeMethod(MethodInvocationHelper.java:134)
at org.testng.internal.MethodInvocationHelper.invokeMethodConsideringTimeout(MethodInvocationHelper.java:63)
at org.testng.internal.ConfigInvoker.invokeConfigurationMethod(ConfigInvoker.java:348)
at org.testng.internal.ConfigInvoker.invokeConfigurations(ConfigInvoker.java:302)
at org.testng.internal.TestInvoker.runConfigMethods(TestInvoker.java:695)
at org.testng.internal.TestInvoker.invokeMethod(TestInvoker.java:523)
at org.testng.internal.TestInvoker.invokeTestMethod(TestInvoker.java:173)
at org.testng.internal.MethodRunner.runInSequence(MethodRunner.java:46)
at org.testng.internal.TestInvoker$MethodInvocationAgent.invoke(TestInvoker.java:816)
at org.testng.internal.TestInvoker.invokeTestMethods(TestInvoker.java:146)
at org.testng.internal.TestMethodWorker.invokeTestMethods(TestMethodWorker.java:146)
at org.testng.internal.TestMethodWorker.run(TestMethodWorker.java:128)
at java.base/java.util.ArrayList.forEach(ArrayList.java:1596)
at org.testng.TestRunner.privateRun(TestRunner.java:766)
at org.testng.TestRunner.run(TestRunner.java:587)
at org.testng.SuiteRunner.runTest(SuiteRunner.java:384)
at org.testng.SuiteRunner.runSequentially(SuiteRunner.java:378)
at org.testng.SuiteRunner.privateRun(SuiteRunner.java:337)
at org.testng.SuiteRunner.run(SuiteRunner.java:286)
at org.testng.SuiteRunnerWorker.runSuite(SuiteRunnerWorker.java:53)
at org.testng.SuiteRunnerWorker.run(SuiteRunnerWorker.java:96)
at org.testng.TestNG.runSuitesSequentially(TestNG.java:1187)
at org.testng.TestNG.runSuitesLocally(TestNG.java:1109)
at org.testng.TestNG.runSuites(TestNG.java:1039)
at org.testng.TestNG.run(TestNG.java:1007)
at org.testng.remote.AbstractRemoteTestNG.run(AbstractRemoteTestNG.java:115)
at org.testng.remote.RemoteTestNG.initAndRun(RemoteTestNG.java:251)
at org.testng.remote.RemoteTestNG.main(RemoteTestNG.java:77)
]]>
    </error>
  </testcase> <!-- launchApplication -->
  <system-out/>
  <testcase classname="withoutFrameworkTesting.ErrorValidation" name="selectCountryInputValidation" time="0.000">
    <skipped/>
  </testcase> <!-- selectCountryInputValidation -->
  <system-out/>
</testsuite> <!-- withoutFrameworkTesting.ErrorValidation -->
